<?xml version="1.0" encoding="UTF-8"?>
<!-- Generated by org.testng.reporters.JUnitReportReporter -->
<testsuite hostname="Nothing" failures="0" tests="4" name="com.codometer.apis.processapi.ProcessAPITest" time="0.111" errors="0" timestamp="2025-02-10T22:09:51 IST" skipped="0">
  <testcase classname="com.codometer.apis.processapi.ProcessAPITest" name="getApplicationPathByNameTest" time="0.003"/>
  <testcase classname="com.codometer.apis.processapi.ProcessAPITest" name="abortProcessTest" time="0.033"/>
  <testcase classname="com.codometer.apis.processapi.ProcessAPITest" name="getApplicationPortTest" time="0.069"/>
  <testcase classname="com.codometer.apis.processapi.ProcessAPITest" name="getProcessIdTest" time="0.006"/>
</testsuite> <!-- com.codometer.apis.processapi.ProcessAPITest -->
