<?xml version="1.0" encoding="UTF-8"?>
<!-- Generated by org.testng.reporters.JUnitReportReporter -->
<testsuite hostname="Nothing" failures="0" tests="1" name="com.codometer.geeksforgeek.filehandling.PropertiesFileTest" time="0.012" errors="0" timestamp="2025-08-25T21:21:48 IST" skipped="0">
  <testcase classname="com.codometer.geeksforgeek.filehandling.PropertiesFileTest" name="loadPropertiesTest" time="0.012"/>
</testsuite> <!-- com.codometer.geeksforgeek.filehandling.PropertiesFileTest -->
