<?xml version="1.0" encoding="UTF-8"?>
<!-- Generated by org.testng.reporters.JUnitReportReporter -->
<testsuite hostname="Nothing" failures="0" tests="5" name="com.codometer.geeksforgeek.regex.RegexUtilsTest" time="11.520" errors="0" timestamp="2025-08-17T01:48:25 IST" skipped="4">
  <testcase classname="com.codometer.geeksforgeek.regex.RegexUtilsTest" name="validDateTest" time="11.520"/>
  <testcase classname="com.codometer.geeksforgeek.regex.RegexUtilsTest" name="removeContigousDuplicateWordsFromSentencesRegexTest">
    <skipped/>
  </testcase> <!-- removeContigousDuplicateWordsFromSentencesRegexTest -->
  <testcase classname="com.codometer.geeksforgeek.regex.RegexUtilsTest" name="validIpAddressTest">
    <skipped/>
  </testcase> <!-- validIpAddressTest -->
  <testcase classname="com.codometer.geeksforgeek.regex.RegexUtilsTest" name="removeDuplicateWordsFromSentencesRegexTest">
    <skipped/>
  </testcase> <!-- removeDuplicateWordsFromSentencesRegexTest -->
  <testcase classname="com.codometer.geeksforgeek.regex.RegexUtilsTest" name="findEveryOccurenceOfAWordInStringTest">
    <skipped/>
  </testcase> <!-- findEveryOccurenceOfAWordInStringTest -->
</testsuite> <!-- com.codometer.geeksforgeek.regex.RegexUtilsTest -->
