<?xml version="1.0" encoding="UTF-8"?>
<!-- Generated by org.testng.reporters.JUnitReportReporter -->
<testsuite hostname="Nothing" failures="0" tests="28" name="com.codometer.geeksforgeek.java8.FunctionalInterfacesOpsTest" time="0.113" errors="0" timestamp="2025-08-17T19:15:57 IST" skipped="0">
  <testcase classname="com.codometer.geeksforgeek.java8.FunctionalInterfacesOpsTest" name="programtopickevenfromthelistTest" time="0.002"/>
  <testcase classname="com.codometer.geeksforgeek.java8.FunctionalInterfacesOpsTest" name="programtomapintegerstotheirsquaresandprintresultspredicateTest" time="0.003"/>
  <testcase classname="com.codometer.geeksforgeek.java8.FunctionalInterfacesOpsTest" name="programtomapintegerstotheirsquaresandprintresultsbifuncTest" time="0.007"/>
  <testcase classname="com.codometer.geeksforgeek.java8.FunctionalInterfacesOpsTest" name="programtoprintthelengthsofstringsinalistTest" time="0.002"/>
  <testcase classname="com.codometer.geeksforgeek.java8.FunctionalInterfacesOpsTest" name="programusinglambdaaddintegersfuncTest" time="0.001"/>
  <testcase classname="com.codometer.geeksforgeek.java8.FunctionalInterfacesOpsTest" name="programtofilterprintevennumbersfromlistbiconsumerTest" time="0.002"/>
  <testcase classname="com.codometer.geeksforgeek.java8.FunctionalInterfacesOpsTest" name="programtofilterprintevennumbersfromlistpredicateTest" time="0.003"/>
  <testcase classname="com.codometer.geeksforgeek.java8.FunctionalInterfacesOpsTest" name="programtoprintdistinctelementsfromalistofintegersTest" time="0.010"/>
  <testcase classname="com.codometer.geeksforgeek.java8.FunctionalInterfacesOpsTest" name="programtofilterprintevennumbersfromlistconsumerTest" time="0.003"/>
  <testcase classname="com.codometer.geeksforgeek.java8.FunctionalInterfacesOpsTest" name="programtoprintnamessortedinalphabeticalorderfromalistTest" time="0.002"/>
  <testcase classname="com.codometer.geeksforgeek.java8.FunctionalInterfacesOpsTest" name="programtomapintegerstotheirsquaresandprintresultsfuncTest" time="0.008"/>
  <testcase classname="com.codometer.geeksforgeek.java8.FunctionalInterfacesOpsTest" name="mostcommonwordfindinparagraphTest" time="0.011"/>
  <testcase classname="com.codometer.geeksforgeek.java8.FunctionalInterfacesOpsTest" name="programusinglambdaaddintegersconsumerTest" time="0.002"/>
  <testcase classname="com.codometer.geeksforgeek.java8.FunctionalInterfacesOpsTest" name="programtoreducealistofintegerstotheirsumTest" time="0.002"/>
  <testcase classname="com.codometer.geeksforgeek.java8.FunctionalInterfacesOpsTest" name="programtogroupstringsbytheirlengthsandprintgroups" time="0.003"/>
  <testcase classname="com.codometer.geeksforgeek.java8.FunctionalInterfacesOpsTest" name="programtofilterprintevennumbersfromlistfuncTest" time="0.002"/>
  <testcase classname="com.codometer.geeksforgeek.java8.FunctionalInterfacesOpsTest" name="programtofilterprintevennumbersfromlistsupplierTest" time="0.005"/>
  <testcase classname="com.codometer.geeksforgeek.java8.FunctionalInterfacesOpsTest" name="programusinglambdaaddintegersbifuncTest" time="0.003"/>
  <testcase classname="com.codometer.geeksforgeek.java8.FunctionalInterfacesOpsTest" name="programusinglambdaaddintegersbiconsumerTest" time="0.008"/>
  <testcase classname="com.codometer.geeksforgeek.java8.FunctionalInterfacesOpsTest" name="programusinglambdaaddintegerssupplierTest" time="0.003"/>
  <testcase classname="com.codometer.geeksforgeek.java8.FunctionalInterfacesOpsTest" name="programtocheckoddinthelistTest" time="0.007"/>
  <testcase classname="com.codometer.geeksforgeek.java8.FunctionalInterfacesOpsTest" name="programtofindandprintmaxvaluefromlistTest" time="0.004"/>
  <testcase classname="com.codometer.geeksforgeek.java8.FunctionalInterfacesOpsTest" name="programtomapintegerstotheirsquaresandprintresultssupplierTest" time="0.005"/>
  <testcase classname="com.codometer.geeksforgeek.java8.FunctionalInterfacesOpsTest" name="programtomapintegerstotheirsquaresandprintresultsbiconsumerTest" time="0.005"/>
  <testcase classname="com.codometer.geeksforgeek.java8.FunctionalInterfacesOpsTest" name="programtofilterprintevennumbersfromlistbifuncTest" time="0.002"/>
  <testcase classname="com.codometer.geeksforgeek.java8.FunctionalInterfacesOpsTest" name="programtoreducealistofintegerstotheirmulTest" time="0.002"/>
  <testcase classname="com.codometer.geeksforgeek.java8.FunctionalInterfacesOpsTest" name="programtocountandprintnumberofelementsalistTest" time="0.002"/>
  <testcase classname="com.codometer.geeksforgeek.java8.FunctionalInterfacesOpsTest" name="programtomapintegerstotheirsquaresandprintresultsconsumerTest" time="0.004"/>
</testsuite> <!-- com.codometer.geeksforgeek.java8.FunctionalInterfacesOpsTest -->
