<?xml version="1.0" encoding="UTF-8"?>
<!-- Generated by org.testng.reporters.JUnitReportReporter -->
<testsuite hostname="Nothing" failures="0" tests="1" name="com.codometer.apis.clients.RestTest" time="2.367" errors="0" timestamp="2025-08-23T11:31:12 IST" skipped="0">
  <testcase classname="com.codometer.apis.clients.RestTest" name="getOperationTest" time="2.367"/>
</testsuite> <!-- com.codometer.apis.clients.RestTest -->
