<?xml version="1.0" encoding="UTF-8"?>
<!-- Generated by org.testng.reporters.JUnitReportReporter -->
<testsuite hostname="Nothing" failures="0" tests="5" name="com.codometer.apis.clients.RestAssuredOpsTest" time="3.845" errors="0" timestamp="2025-08-23T19:14:45 IST" skipped="0">
  <testcase classname="com.codometer.apis.clients.RestAssuredOpsTest" name="getBearerTokenTest" time="0.008"/>
  <testcase classname="com.codometer.apis.clients.RestAssuredOpsTest" name="setUpAClientTest" time="0.002"/>
  <testcase classname="com.codometer.apis.clients.RestAssuredOpsTest" name="putPayloadTest" time="0.001"/>
  <testcase classname="com.codometer.apis.clients.RestAssuredOpsTest" name="postPayloadTest" time="2.546"/>
  <testcase classname="com.codometer.apis.clients.RestAssuredOpsTest" name="getPayloadTest" time="1.288"/>
</testsuite> <!-- com.codometer.apis.clients.RestAssuredOpsTest -->
