<?xml version="1.0" encoding="UTF-8"?>
<!-- Generated by org.testng.reporters.JUnitReportReporter -->
<testsuite hostname="Nothing" failures="0" tests="4" name="com.codometer.geeksforgeek.collections.AnyHashSetOpsTest" time="28.473" errors="0" timestamp="2025-07-29T19:16:13 IST" skipped="0">
  <testcase classname="com.codometer.geeksforgeek.collections.AnyHashSetOpsTest" name="addElementToSetTest" time="15.721"/>
  <testcase classname="com.codometer.geeksforgeek.collections.AnyHashSetOpsTest" name="readElementFromSetTest" time="4.525"/>
  <testcase classname="com.codometer.geeksforgeek.collections.AnyHashSetOpsTest" name="printAllElementOfSetTest" time="0.001"/>
  <testcase classname="com.codometer.geeksforgeek.collections.AnyHashSetOpsTest" name="deleteElementFromSetTest" time="8.226"/>
</testsuite> <!-- com.codometer.geeksforgeek.collections.AnyHashSetOpsTest -->
