<?xml version="1.0" encoding="UTF-8"?>
<!-- Generated by org.testng.reporters.JUnitReportReporter -->
<testsuite hostname="Nothing" failures="0" tests="1" name="com.codometer.apis.clients.RestTest" time="0.422" errors="0" timestamp="2025-08-21T12:03:49 IST" skipped="0">
  <testcase classname="com.codometer.apis.clients.RestTest" name="getOperationTest" time="0.422"/>
</testsuite> <!-- com.codometer.apis.clients.RestTest -->
