<?xml version="1.0" encoding="UTF-8"?>
<!-- Generated by org.testng.reporters.JUnitReportReporter -->
<testsuite hostname="Nothing" failures="0" tests="5" name="com.codometer.geeksforgeek.collections.TreeSetOpsTest" time="50.180" errors="0" timestamp="2025-07-29T23:17:11 IST" skipped="0">
  <testcase classname="com.codometer.geeksforgeek.collections.TreeSetOpsTest" name="addElementToTreeSetTest" time="3.751"/>
  <testcase classname="com.codometer.geeksforgeek.collections.TreeSetOpsTest" name="printAllElementOfTreeSetTest" time="0.001"/>
  <testcase classname="com.codometer.geeksforgeek.collections.TreeSetOpsTest" name="readElementFromTreeSetTest" time="3.154"/>
  <testcase classname="com.codometer.geeksforgeek.collections.TreeSetOpsTest" name="deleteElementFromTreeSetTest" time="3.928"/>
  <testcase classname="com.codometer.geeksforgeek.collections.TreeSetOpsTest" name="addMultipleElementsToTreeSetTest" time="39.346"/>
</testsuite> <!-- com.codometer.geeksforgeek.collections.TreeSetOpsTest -->
