<?xml version="1.0" encoding="UTF-8"?>
<!-- Generated by org.testng.reporters.JUnitReportReporter -->
<testsuite hostname="Nothing" failures="0" tests="4" name="com.codometer.geeksforgeek.collections.AnyHashMapOpsTest" time="38.968" errors="0" timestamp="2025-07-27T18:13:30 IST" skipped="0">
  <testcase classname="com.codometer.geeksforgeek.collections.AnyHashMapOpsTest" name="addElementToMapTest" time="15.892"/>
  <testcase classname="com.codometer.geeksforgeek.collections.AnyHashMapOpsTest" name="readElementFromMapTest" time="5.271"/>
  <testcase classname="com.codometer.geeksforgeek.collections.AnyHashMapOpsTest" name="printAllElementOfMapTest" time="0.003"/>
  <testcase classname="com.codometer.geeksforgeek.collections.AnyHashMapOpsTest" name="deleteElementFromMapTest" time="17.802"/>
</testsuite> <!-- com.codometer.geeksforgeek.collections.AnyHashMapOpsTest -->
