<?xml version="1.0" encoding="UTF-8"?>
<!-- Generated by org.testng.reporters.JUnitReportReporter -->
<testsuite hostname="Nothing" failures="0" tests="4" name="com.codometer.geeksforgeek.collections.AnyListOpsTest" time="40.704" errors="0" timestamp="2025-07-30T12:14:59 IST" skipped="0">
  <testcase classname="com.codometer.geeksforgeek.collections.AnyListOpsTest" name="readElementFromListTest" time="20.772"/>
  <testcase classname="com.codometer.geeksforgeek.collections.AnyListOpsTest" name="printAllElementsOfListTest" time="0.002"/>
  <testcase classname="com.codometer.geeksforgeek.collections.AnyListOpsTest" name="addElementToListTest" time="9.576"/>
  <testcase classname="com.codometer.geeksforgeek.collections.AnyListOpsTest" name="deleteElementFromListTest" time="10.354"/>
</testsuite> <!-- com.codometer.geeksforgeek.collections.AnyListOpsTest -->
