<?xml version="1.0" encoding="UTF-8"?>
<!-- Generated by org.testng.reporters.JUnitReportReporter -->
<testsuite hostname="Nothing" failures="0" tests="5" name="com.codometer.geeksforgeek.collections.AnyTreeMapOpsTest" time="85.673" errors="0" timestamp="2025-07-30T19:17:47 IST" skipped="0">
  <testcase classname="com.codometer.geeksforgeek.collections.AnyTreeMapOpsTest" name="addElementToTreeMapTest" time="5.467"/>
  <testcase classname="com.codometer.geeksforgeek.collections.AnyTreeMapOpsTest" name="readElementFromTreeMapTest" time="3.460"/>
  <testcase classname="com.codometer.geeksforgeek.collections.AnyTreeMapOpsTest" name="printAllElementOfTreeMapTest" time="0.002"/>
  <testcase classname="com.codometer.geeksforgeek.collections.AnyTreeMapOpsTest" name="deleteElementFromTreeMapTest" time="4.573"/>
  <testcase classname="com.codometer.geeksforgeek.collections.AnyTreeMapOpsTest" name="addMultipleElementToTreeMapTest" time="72.171"/>
</testsuite> <!-- com.codometer.geeksforgeek.collections.AnyTreeMapOpsTest -->
