<?xml version="1.0" encoding="UTF-8"?>
<!-- Generated by org.testng.reporters.JUnitReportReporter -->
<testsuite hostname="Nothing" failures="0" tests="4" name="com.codometer.geeksforgeek.collections.HashSetOpsTest" time="32.837" errors="0" timestamp="2025-07-28T22:09:40 IST" skipped="0">
  <testcase classname="com.codometer.geeksforgeek.collections.HashSetOpsTest" name="addElementToSetTest" time="11.640"/>
  <testcase classname="com.codometer.geeksforgeek.collections.HashSetOpsTest" name="readElementFromSetTest" time="6.981"/>
  <testcase classname="com.codometer.geeksforgeek.collections.HashSetOpsTest" name="printAllElementOfSetTest" time="0.001"/>
  <testcase classname="com.codometer.geeksforgeek.collections.HashSetOpsTest" name="deleteElementFromSetTest" time="14.215"/>
</testsuite> <!-- com.codometer.geeksforgeek.collections.HashSetOpsTest -->
