<?xml version="1.0" encoding="UTF-8"?>
<!-- Generated by org.testng.reporters.JUnitReportReporter -->
<testsuite hostname="Nothing" failures="0" tests="3" name="com.codometer.apis.runtimeapi.RunTimeAPITest" time="0.107" errors="0" timestamp="2025-02-10T22:24:11 IST" skipped="0">
  <testcase classname="com.codometer.apis.runtimeapi.RunTimeAPITest" name="getRunTimeInstanceTest" time="0.003"/>
  <testcase classname="com.codometer.apis.runtimeapi.RunTimeAPITest" name="invokeApplicationTest" time="0.006"/>
  <testcase classname="com.codometer.apis.runtimeapi.RunTimeAPITest" name="executeShellCommandTest" time="0.098"/>
</testsuite> <!-- com.codometer.apis.runtimeapi.RunTimeAPITest -->
