<?xml version="1.0" encoding="UTF-8"?>
<!-- Generated by org.testng.reporters.JUnitReportReporter -->
<testsuite hostname="Nothing" failures="0" tests="4" name="com.codometer.geeksforgeek.collections.HashMapOpsTest" time="14.780" errors="0" timestamp="2025-07-27T18:15:26 IST" skipped="0">
  <testcase classname="com.codometer.geeksforgeek.collections.HashMapOpsTest" name="addElementToMapTest" time="8.474"/>
  <testcase classname="com.codometer.geeksforgeek.collections.HashMapOpsTest" name="readElementFromMapTest" time="2.874"/>
  <testcase classname="com.codometer.geeksforgeek.collections.HashMapOpsTest" name="printAllElementOfMapTest" time="0.002"/>
  <testcase classname="com.codometer.geeksforgeek.collections.HashMapOpsTest" name="deleteElementFromMapTest" time="3.430"/>
</testsuite> <!-- com.codometer.geeksforgeek.collections.HashMapOpsTest -->
