<?xml version="1.0" encoding="UTF-8"?>
<!-- Generated by org.testng.reporters.JUnitReportReporter -->
<testsuite hostname="Nothing" failures="0" tests="5" name="com.codometer.geeksforgeek.collections.AnyTreeSetOpsTest" time="83.271" errors="0" timestamp="2025-07-30T18:30:21 IST" skipped="0">
  <testcase classname="com.codometer.geeksforgeek.collections.AnyTreeSetOpsTest" name="addElementToTreeSetTest" time="11.918"/>
  <testcase classname="com.codometer.geeksforgeek.collections.AnyTreeSetOpsTest" name="readElementFromTreeSetTest" time="6.653"/>
  <testcase classname="com.codometer.geeksforgeek.collections.AnyTreeSetOpsTest" name="printAllElementOfTreeSetTest" time="0.002"/>
  <testcase classname="com.codometer.geeksforgeek.collections.AnyTreeSetOpsTest" name="deleteElementFromTreeSetTest" time="7.470"/>
  <testcase classname="com.codometer.geeksforgeek.collections.AnyTreeSetOpsTest" name="addMultipleElementsToTreeSet" time="57.228"/>
</testsuite> <!-- com.codometer.geeksforgeek.collections.AnyTreeSetOpsTest -->
