<?xml version="1.0" encoding="UTF-8"?>
<!-- Generated by org.testng.reporters.JUnitReportReporter -->
<testsuite hostname="Nothing" failures="0" tests="4" name="com.codometer.geeksforgeek.filehandling.FileOpsTest" time="23.007" errors="0" timestamp="2025-08-20T15:49:35 IST" skipped="1">
  <testcase classname="com.codometer.geeksforgeek.filehandling.FileOpsTest" name="createFileTest" time="0.012"/>
  <testcase classname="com.codometer.geeksforgeek.filehandling.FileOpsTest" name="writeByteTest" time="22.990"/>
  <testcase classname="com.codometer.geeksforgeek.filehandling.FileOpsTest" name="readByteOneByOne" time="0.005"/>
  <testcase classname="com.codometer.geeksforgeek.filehandling.FileOpsTest" name="readByteTest">
    <skipped/>
  </testcase> <!-- readByteTest -->
</testsuite> <!-- com.codometer.geeksforgeek.filehandling.FileOpsTest -->
