<?xml version="1.0" encoding="UTF-8"?>
<!-- Generated by org.testng.reporters.JUnitReportReporter -->
<testsuite hostname="Nothing" failures="0" tests="2" name="com.codometer.apis.propertiesapi.PropertiesAPITest" time="0.010" errors="0" timestamp="2025-02-08T19:58:11 IST" skipped="0">
  <testcase classname="com.codometer.apis.propertiesapi.PropertiesAPITest" name="getPropertyTest" time="0.009"/>
  <testcase classname="com.codometer.apis.propertiesapi.PropertiesAPITest" name="loadPropertiesTest" time="0.001"/>
</testsuite> <!-- com.codometer.apis.propertiesapi.PropertiesAPITest -->
